0 info it worked if it ends with ok
1 verbose cli [ 'node', '/usr/local/bin/npm', 'install', 'gallery.jquery' ]
2 info using npm@1.1.66
3 info using node@v0.8.15
4 verbose read json /Users/kimhou/nodeServer/app_websocket/package.json
5 warn package.json application-name@0.0.1 No README.md file found!
6 verbose from cache /Users/kimhou/nodeServer/app_websocket/package.json
7 verbose readDependencies using package.json deps
8 verbose cache add [ 'gallery.jquery', null ]
9 silly cache add name=undefined spec="gallery.jquery" args=["gallery.jquery",null]
10 verbose parsed url { pathname: 'gallery.jquery',
10 verbose parsed url   path: 'gallery.jquery',
10 verbose parsed url   href: 'gallery.jquery' }
11 silly lockFile 50dbee70-gallery-jquery gallery.jquery
12 verbose lock gallery.jquery /Users/kimhou/.npm/50dbee70-gallery-jquery.lock
13 silly lockFile 50dbee70-gallery-jquery gallery.jquery
14 verbose addNamed [ 'gallery.jquery', '' ]
15 verbose addNamed [ null, '' ]
16 silly lockFile 116da391-gallery-jquery gallery.jquery@
17 verbose lock gallery.jquery@ /Users/kimhou/.npm/116da391-gallery-jquery.lock
18 silly addNameRange { name: 'gallery.jquery', range: '', hasData: false }
19 verbose url raw gallery.jquery
20 verbose url resolving [ 'https://registry.npmjs.org/', './gallery.jquery' ]
21 verbose url resolved https://registry.npmjs.org/gallery.jquery
22 info trying registry request attempt 1 at 17:25:27
23 http GET https://registry.npmjs.org/gallery.jquery
24 http 404 https://registry.npmjs.org/gallery.jquery
25 silly registry.get cb [ 404,
25 silly registry.get   { server: 'CouchDB/1.2.0 (Erlang OTP/R15B)',
25 silly registry.get     date: 'Thu, 29 Nov 2012 09:24:52 GMT',
25 silly registry.get     'content-type': 'application/json',
25 silly registry.get     'content-length': '52',
25 silly registry.get     'cache-control': 'must-revalidate' } ]
26 silly lockFile 116da391-gallery-jquery gallery.jquery@
27 error 404 'gallery.jquery' is not in the npm registry.
27 error 404 You should bug the author to publish it
27 error 404
27 error 404 Note that you can also install from a
27 error 404 tarball, folder, or http url, or git url.
28 error System Darwin 12.2.1
29 error command "node" "/usr/local/bin/npm" "install" "gallery.jquery"
30 error cwd /Users/kimhou/nodeServer/app_websocket/assets
31 error node -v v0.8.15
32 error npm -v 1.1.66
33 error code E404
34 verbose exit [ 1, true ]
